{
  "RSpec": {
    "coverage": {
      "/home/trieu/workplace/CoderTicket/spec/controllers/events_controller_spec.rb": [
        1,
        null,
        1,
        null,
        1,
        1,
        1,
        null,
        null,
        null
      ],
      "/home/trieu/workplace/CoderTicket/spec/rails_helper.rb": [
        null,
        1,
        1,
        null,
        1,
        1,
        1,
        null,
        null,
        null,
        null,
        null,
        null,
        null,
        null,
        null,
        null,
        null,
        null,
        null,
        null,
        null,
        null,
        null,
        null,
        null,
        1,
        null,
        1,
        null,
        1,
        null,
        null,
        null,
        null,
        1,
        null,
        null,
        null,
        null,
        null,
        null,
        null,
        null,
        null,
        null,
        null,
        null,
        null,
        null,
        1,
        null,
        null,
        1,
        null,
        null,
        null
      ],
      "/home/trieu/workplace/CoderTicket/config/environment.rb": [
        null,
        1,
        null,
        null,
        1
      ],
      "/home/trieu/workplace/CoderTicket/config/application.rb": [
        1,
        null,
        1,
        null,
        null,
        null,
        1,
        null,
        1,
        1,
        null,
        null,
        null,
        null,
        null,
        null,
        null,
        null,
        null,
        null,
        null,
        null,
        null,
        null,
        null,
        null
      ],
      "/home/trieu/workplace/CoderTicket/config/boot.rb": [
        1,
        null,
        1,
        null,
        null,
        1,
        1,
        1,
        1,
        1,
        0,
        null,
        null,
        null
      ],
      "/home/trieu/workplace/CoderTicket/config/environments/test.rb": [
        1,
        null,
        null,
        null,
        null,
        null,
        null,
        1,
        null,
        null,
        null,
        null,
        1,
        null,
        null,
        1,
        1,
        null,
        null,
        1,
        1,
        null,
        null,
        1,
        null,
        null,
        1,
        null,
        null,
        null,
        null,
        1,
        null,
        null,
        1,
        null,
        null,
        1,
        null,
        null,
        null,
        null
      ],
      "/home/trieu/workplace/CoderTicket/config/initializers/assets.rb": [
        null,
        null,
        null,
        1,
        null,
        null,
        null,
        null,
        null,
        null,
        null
      ],
      "/home/trieu/workplace/CoderTicket/config/initializers/backtrace_silencers.rb": [
        null,
        null,
        null,
        null,
        null,
        null,
        null
      ],
      "/home/trieu/workplace/CoderTicket/config/initializers/cookies_serializer.rb": [
        null,
        null,
        1
      ],
      "/home/trieu/workplace/CoderTicket/config/initializers/filter_parameter_logging.rb": [
        null,
        null,
        null,
        1
      ],
      "/home/trieu/workplace/CoderTicket/config/initializers/inflections.rb": [
        null,
        null,
        null,
        null,
        null,
        null,
        null,
        null,
        null,
        null,
        null,
        null,
        null,
        null,
        null,
        null
      ],
      "/home/trieu/workplace/CoderTicket/config/initializers/mime_types.rb": [
        null,
        null,
        null,
        null
      ],
      "/home/trieu/workplace/CoderTicket/config/initializers/session_store.rb": [
        null,
        null,
        1
      ],
      "/home/trieu/workplace/CoderTicket/config/initializers/simple_form.rb": [
        null,
        1,
        null,
        null,
        null,
        null,
        null,
        1,
        null,
        null,
        null,
        null,
        null,
        null,
        null,
        null,
        null,
        1,
        null,
        null,
        null,
        1,
        null,
        null,
        null,
        null,
        null,
        null,
        null,
        null,
        1,
        null,
        null,
        1,
        null,
        null,
        1,
        null,
        null,
        1,
        null,
        null,
        1,
        1,
        1,
        null,
        null,
        null,
        null,
        null,
        null,
        null,
        null,
        null,
        1,
        null,
        null,
        null,
        null,
        null,
        1,
        null,
        null,
        1,
        null,
        null,
        null,
        null,
        null,
        null,
        null,
        1,
        null,
        null,
        1,
        null,
        null,
        null,
        null,
        null,
        null,
        null,
        null,
        null,
        null,
        null,
        null,
        null,
        null,
        null,
        null,
        null,
        null,
        null,
        null,
        null,
        null,
        null,
        null,
        null,
        null,
        null,
        null,
        null,
        null,
        null,
        null,
        null,
        null,
        null,
        null,
        null,
        null,
        null,
        null,
        null,
        null,
        null,
        null,
        1,
        null,
        null,
        null,
        null,
        null,
        null,
        null,
        null,
        null,
        null,
        null,
        null,
        null,
        null,
        null,
        null,
        null,
        null,
        null,
        null,
        null,
        null,
        null,
        null,
        null,
        null,
        null,
        null,
        null,
        null,
        null,
        null,
        null,
        null,
        null,
        null,
        1,
        null,
        null,
        null,
        null,
        null,
        null,
        null,
        null
      ],
      "/home/trieu/workplace/CoderTicket/config/initializers/simple_form_bootstrap.rb": [
        null,
        1,
        1,
        1,
        1,
        null,
        1,
        1,
        1,
        1,
        1,
        1,
        1,
        1,
        null,
        1,
        1,
        1,
        null,
        null,
        1,
        1,
        1,
        1,
        1,
        1,
        null,
        1,
        1,
        1,
        null,
        null,
        1,
        1,
        1,
        null,
        1,
        1,
        null,
        null,
        1,
        1,
        null,
        null,
        1,
        1,
        1,
        1,
        1,
        1,
        1,
        null,
        null,
        1,
        1,
        1,
        1,
        1,
        1,
        1,
        1,
        null,
        1,
        1,
        1,
        1,
        null,
        null,
        null,
        1,
        1,
        1,
        1,
        1,
        1,
        null,
        1,
        1,
        1,
        1,
        null,
        null,
        null,
        1,
        1,
        1,
        null,
        1,
        1,
        1,
        null,
        null,
        1,
        1,
        null,
        null,
        null,
        1,
        1,
        1,
        null,
        1,
        null,
        1,
        1,
        1,
        1,
        null,
        null,
        null,
        1,
        1,
        1,
        1,
        1,
        1,
        1,
        1,
        null,
        1,
        1,
        1,
        null,
        null,
        1,
        1,
        1,
        1,
        1,
        1,
        1,
        1,
        null,
        null,
        null,
        null,
        null,
        null,
        1,
        1,
        null,
        null,
        null,
        null,
        null,
        null,
        null,
        null,
        null
      ],
      "/home/trieu/workplace/CoderTicket/config/initializers/wrap_parameters.rb": [
        null,
        null,
        null,
        null,
        null,
        null,
        1,
        2,
        null,
        null,
        null,
        null,
        null,
        null
      ],
      "/home/trieu/workplace/CoderTicket/config/routes.rb": [
        1,
        1,
        null,
        1,
        1,
        null,
        1,
        null
      ],
      "/home/trieu/workplace/CoderTicket/app/helpers/application_helper.rb": [
        1,
        null
      ],
      "/home/trieu/workplace/CoderTicket/app/helpers/events_helper.rb": [
        1,
        1,
        4,
        null,
        null
      ],
      "/home/trieu/workplace/CoderTicket/app/helpers/tickets_helper.rb": [
        1,
        null
      ],
      "/home/trieu/workplace/CoderTicket/app/controllers/events_controller.rb": [
        1,
        1,
        3,
        1,
        null,
        2,
        null,
        null,
        null,
        null,
        1,
        0,
        null,
        null
      ],
      "/home/trieu/workplace/CoderTicket/app/controllers/application_controller.rb": [
        1,
        null,
        null,
        1,
        null
      ],
      "/home/trieu/workplace/CoderTicket/spec/features/event/search_event_spec.rb": [
        1,
        null,
        1,
        1,
        1,
        null,
        null,
        1,
        1,
        null,
        1,
        1,
        1,
        null,
        null
      ],
      "/home/trieu/workplace/CoderTicket/spec/models/event_spec.rb": [
        1,
        null,
        1,
        1,
        1,
        1,
        null,
        null,
        1,
        1,
        null,
        1,
        null,
        null,
        1,
        1,
        null,
        1,
        null,
        1,
        null,
        null,
        null,
        1,
        1,
        1,
        null,
        1,
        null,
        null,
        null
      ],
      "/home/trieu/workplace/CoderTicket/app/models/event.rb": [
        1,
        1,
        1,
        1,
        null,
        1,
        1,
        null,
        1,
        6,
        null,
        null,
        1,
        2,
        null,
        null,
        null
      ],
      "/home/trieu/workplace/CoderTicket/spec/requests/events_spec.rb": [
        1,
        null,
        1,
        1,
        1,
        1,
        null,
        1,
        null,
        null,
        1,
        1,
        1,
        1,
        null,
        null,
        null
      ],
      "/home/trieu/workplace/CoderTicket/spec/routes/events_spec.rb": [
        1,
        null,
        1,
        1,
        1,
        null,
        null
      ],
      "/home/trieu/workplace/CoderTicket/spec/views/events/index.html.erb_spec.rb": [
        1,
        null,
        1,
        1,
        1,
        1,
        null,
        1,
        null,
        null,
        1,
        1,
        null,
        1,
        1,
        1,
        null,
        null
      ],
      "/home/trieu/workplace/CoderTicket/app/models/venue.rb": [
        1,
        1,
        1,
        null
      ],
      "/home/trieu/workplace/CoderTicket/app/models/category.rb": [
        1,
        1,
        1,
        null
      ]
    },
    "timestamp": 1498726631
  }
}
